<?xml version="1.0" encoding="UTF-8"?>
<!-- Generated by org.testng.reporters.JUnitReportReporter -->
<testsuite hostname="masterqa" name="pe.com.test.CategoriaTest" tests="7" failures="0" timestamp="13 Oct 2018 18:05:14 GMT" time="1.765" errors="0">
  <testcase name="insertar" time="0.562" classname="pe.com.test.CategoriaTest"/>
  <testcase name="eliminar" time="0.000" classname="pe.com.test.CategoriaTest"/>
  <testcase name="obtener" time="0.032" classname="pe.com.test.CategoriaTest"/>
  <testcase name="actualizar" time="0.031" classname="pe.com.test.CategoriaTest"/>
  <testcase name="insertarDataProvider" time="0.063" classname="pe.com.test.CategoriaTest"/>
  <testcase name="insertarDataProvider" time="0.032" classname="pe.com.test.CategoriaTest"/>
  <testcase name="metodoFueraTiempo" time="1.045" classname="pe.com.test.CategoriaTest"/>
</testsuite> <!-- pe.com.test.CategoriaTest -->
