<?xml version="1.0" encoding="UTF-8"?>
<!-- Generated by org.testng.reporters.JUnitReportReporter -->
<testsuite hostname="masterqa" name="pe.com.test.seleniumwd.ProductoWebDriverTest" tests="2" failures="0" timestamp="14 Nov 2018 14:18:18 GMT" time="42.671" errors="0">
  <testcase name="insertarProducto_FlujoAlternativo" time="18.252" classname="pe.com.test.seleniumwd.ProductoWebDriverTest"/>
  <testcase name="insertarProducto_FlujoBasico" time="24.419" classname="pe.com.test.seleniumwd.ProductoWebDriverTest"/>
</testsuite> <!-- pe.com.test.seleniumwd.ProductoWebDriverTest -->
